2024-05-08 20:49:29,739 - root - INFO - AIMET
{'config': 'config/ptq_5x64x2048.json'}
Opening arch config file from artifacts/squeezeseg
Opening data config file from artifacts/squeezeseg
model folder exists! Using model from artifacts/squeezeseg
Sequences folder exists! Using sequences from /media/ava/DATA/aleesha/datasets/sequences
Using 19130 scans from sequences [0, 1, 2, 3, 4, 5, 6, 7, 9, 10]
Sequences folder exists! Using sequences from /media/ava/DATA/aleesha/datasets/sequences
Using 4071 scans from sequences [8]
Sequences folder exists! Using sequences from /media/ava/DATA/aleesha/datasets/sequences
Using 20351 scans from sequences [11, 12, 13, 14, 15, 16, 17, 18, 19, 20, 21]
Using SqueezeNet Backbone
Depth of backbone input =  5
Original OS:  16
New OS:  16
Strides:  [2, 2, 2, 2]
Decoder original OS:  16
Decoder new OS:  16
Decoder strides:  [2, 2, 2, 2]
Total number of parameters:  915540
Total number of parameters requires_grad:  915540
Param encoder  724032
Param decoder  179968
Param head  11540
Successfully loaded model backbone weights
Successfully loaded model decoder weights
Successfully loaded model head weights
Infering in device:  cuda

Finished Infering
Ignoring xentropy class  0  in IoU evaluation

Evaluating sequences: 
Validation set:
Acc avg 0.761
IoU avg 0.305
IoU class 1 [car] = 0.728
IoU class 2 [bicycle] = 0.116
IoU class 3 [motorcycle] = 0.079
IoU class 4 [truck] = 0.026
IoU class 5 [other-vehicle] = 0.049
IoU class 6 [person] = 0.157
IoU class 7 [bicyclist] = 0.192
IoU class 8 [motorcyclist] = 0.000
IoU class 9 [road] = 0.859
IoU class 10 [parking] = 0.171
IoU class 11 [sidewalk] = 0.633
IoU class 12 [other-ground] = 0.005
IoU class 13 [building] = 0.652
IoU class 14 [fence] = 0.164
IoU class 15 [vegetation] = 0.701
IoU class 16 [trunk] = 0.247
IoU class 17 [terrain] = 0.655
IoU class 18 [pole] = 0.220
IoU class 19 [traffic-sign] = 0.143
********************************************************************************
below can be copied straight for paper table
0.728,0.116,0.079,0.026,0.049,0.157,0.192,0.000,0.859,0.171,0.633,0.005,0.652,0.164,0.701,0.247,0.655,0.220,0.143,0.305,0.761
